Determining if the pthread_create exist failed with the following output:
Change Dir: /home/swann/catkin_ws/build/CMakeFiles/CMakeTmp

Run Build Command:"/usr/bin/make" "cmTC_f589d/fast"
/usr/bin/make -f CMakeFiles/cmTC_f589d.dir/build.make CMakeFiles/cmTC_f589d.dir/build
make[1]: Entering directory '/home/swann/catkin_ws/build/CMakeFiles/CMakeTmp'
Building C object CMakeFiles/cmTC_f589d.dir/CheckSymbolExists.c.o
/usr/bin/cc     -o CMakeFiles/cmTC_f589d.dir/CheckSymbolExists.c.o   -c /home/swann/catkin_ws/build/CMakeFiles/CMakeTmp/CheckSymbolExists.c
Linking C executable cmTC_f589d
/usr/bin/cmake -E cmake_link_script CMakeFiles/cmTC_f589d.dir/link.txt --verbose=1
/usr/bin/cc       CMakeFiles/cmTC_f589d.dir/CheckSymbolExists.c.o  -o cmTC_f589d -rdynamic 
CMakeFiles/cmTC_f589d.dir/CheckSymbolExists.c.o: In function `main':
CheckSymbolExists.c:(.text+0xa): undefined reference to `pthread_create'
collect2: error: ld returned 1 exit status
CMakeFiles/cmTC_f589d.dir/build.make:97: recipe for target 'cmTC_f589d' failed
make[1]: *** [cmTC_f589d] Error 1
make[1]: Leaving directory '/home/swann/catkin_ws/build/CMakeFiles/CMakeTmp'
Makefile:126: recipe for target 'cmTC_f589d/fast' failed
make: *** [cmTC_f589d/fast] Error 2

File /home/swann/catkin_ws/build/CMakeFiles/CMakeTmp/CheckSymbolExists.c:
/* */
#include <pthread.h>

int main(int argc, char** argv)
{
  (void)argv;
#ifndef pthread_create
  return ((int*)(&pthread_create))[argc];
#else
  (void)argc;
  return 0;
#endif
}

Determining if the function pthread_create exists in the pthreads failed with the following output:
Change Dir: /home/swann/catkin_ws/build/CMakeFiles/CMakeTmp

Run Build Command:"/usr/bin/make" "cmTC_415e7/fast"
/usr/bin/make -f CMakeFiles/cmTC_415e7.dir/build.make CMakeFiles/cmTC_415e7.dir/build
make[1]: Entering directory '/home/swann/catkin_ws/build/CMakeFiles/CMakeTmp'
Building C object CMakeFiles/cmTC_415e7.dir/CheckFunctionExists.c.o
/usr/bin/cc    -DCHECK_FUNCTION_EXISTS=pthread_create   -o CMakeFiles/cmTC_415e7.dir/CheckFunctionExists.c.o   -c /usr/share/cmake-3.5/Modules/CheckFunctionExists.c
Linking C executable cmTC_415e7
/usr/bin/cmake -E cmake_link_script CMakeFiles/cmTC_415e7.dir/link.txt --verbose=1
/usr/bin/cc   -DCHECK_FUNCTION_EXISTS=pthread_create    CMakeFiles/cmTC_415e7.dir/CheckFunctionExists.c.o  -o cmTC_415e7 -rdynamic -lpthreads 
/usr/bin/ld: cannot find -lpthreads
collect2: error: ld returned 1 exit status
CMakeFiles/cmTC_415e7.dir/build.make:97: recipe for target 'cmTC_415e7' failed
make[1]: *** [cmTC_415e7] Error 1
make[1]: Leaving directory '/home/swann/catkin_ws/build/CMakeFiles/CMakeTmp'
Makefile:126: recipe for target 'cmTC_415e7/fast' failed
make: *** [cmTC_415e7/fast] Error 2


